#-----------------------------------------------------------
# PlanAhead v14.7 (64-bit)
# Build 321239 by xbuild on Fri Sep 27 19:29:51 MDT 2013
# Start of session at: Wed Nov 30 02:25:35 2016
# Process ID: 10104
# Log file: C:/Users/HASEE/Desktop/yanjy/Computer/MyComputer/planAhead_run_2/planAhead.log
# Journal file: C:/Users/HASEE/Desktop/yanjy/Computer/MyComputer/planAhead_run_2/planAhead.jou
#-----------------------------------------------------------
INFO: [Common 17-78] Attempting to get a license: PlanAhead
INFO: [Common 17-290] Got license for PlanAhead
INFO: [Device 21-36] Loading parts and site information from F:/Xlinx/14.7/ISE_DS/PlanAhead/data/parts/arch.xml
Parsing RTL primitives file [F:/Xlinx/14.7/ISE_DS/PlanAhead/data/parts/xilinx/rtl/prims/rtl_prims.xml]
Finished parsing RTL primitives file [F:/Xlinx/14.7/ISE_DS/PlanAhead/data/parts/xilinx/rtl/prims/rtl_prims.xml]
start_gui
source C:/Users/HASEE/Desktop/yanjy/Computer/MyComputer/pa.fromNetlist.tcl
# create_project -name MyComputer -dir "C:/Users/HASEE/Desktop/yanjy/Computer/MyComputer/planAhead_run_2" -part xc3s1200efg320-4
# set_property design_mode GateLvl [get_property srcset [current_run -impl]]
# set_property edif_top_file "C:/Users/HASEE/Desktop/yanjy/Computer/MyComputer/mycpu.ngc" [ get_property srcset [ current_run ] ]
# add_files -norecurse { {C:/Users/HASEE/Desktop/yanjy/Computer/MyComputer} }
# set_param project.pinAheadLayout  yes
# set_property target_constrs_file "mycpu.ucf" [current_fileset -constrset]
Adding file 'C:/Users/HASEE/Desktop/yanjy/Computer/MyComputer/mycpu.ucf' to fileset 'constrs_1'
# add_files [list {mycpu.ucf}] -fileset [get_property constrset [current_run]]
# link_design
Design is defaulting to srcset: sources_1
Design is defaulting to constrset: constrs_1
Design is defaulting to project part: xc3s1200efg320-4
Release 14.7 - ngc2edif P.20131013 (nt64)
Copyright (c) 1995-2013 Xilinx, Inc.  All rights reserved.
Reading design mycpu.ngc ...
WARNING:NetListWriters:298 - No output is written to mycpu.xncf, ignored.
Processing design ...
   Preping design's networks ...
   Preping design's macros ...
WARNING:NetListWriters:306 - Signal bus idcontrol<4 : 0> on block mycpu is not
   reconstructed, because there are some missing bus signals.
WARNING:NetListWriters:306 - Signal bus secondop<15 : 0> on block mycpu is not
   reconstructed, because there are some missing bus signals.
WARNING:NetListWriters:306 - Signal bus u14/Eximme<15 : 0> on block mycpu is not
   reconstructed, because there are some missing bus signals.
WARNING:NetListWriters:306 - Signal bus u6/controllerOut<4 : 0> on block mycpu
   is not reconstructed, because there are some missing bus signals.
WARNING:NetListWriters:306 - Signal bus u6/controllerOut_mux0005<4 : 0> on block
   mycpu is not reconstructed, because there are some missing bus signals.
  finished :Prep
Writing EDIF netlist file mycpu.edif ...
ngc2edif: Total memory usage is 91160 kilobytes

Parsing EDIF File [./planAhead_run_2/MyComputer.data/cache/mycpu_ngc_zx.edif]
Finished Parsing EDIF File [./planAhead_run_2/MyComputer.data/cache/mycpu_ngc_zx.edif]
INFO: [Designutils 20-910] Reading macro library F:/Xlinx/14.7/ISE_DS/PlanAhead/data\./parts/xilinx/spartan3e/spartan3e/hd_int_macros.edn
Parsing EDIF File [F:/Xlinx/14.7/ISE_DS/PlanAhead/data\./parts/xilinx/spartan3e/spartan3e/hd_int_macros.edn]
Finished Parsing EDIF File [F:/Xlinx/14.7/ISE_DS/PlanAhead/data\./parts/xilinx/spartan3e/spartan3e/hd_int_macros.edn]
WARNING: [Netlist 29-43] Netlist 'mycpu' is not ideal for floorplanning, since the cellview 'mycpu' defined in file 'mycpu.ngc' contains large number of primitives.  Please consider enabling hierarchy in synthesis if you want to do floorplanning.
Loading clock regions from F:/Xlinx/14.7/ISE_DS/PlanAhead/data\parts/xilinx/spartan3e/spartan3e/xc3s1200e/ClockRegion.xml
Loading clock buffers from F:/Xlinx/14.7/ISE_DS/PlanAhead/data\parts/xilinx/spartan3e/spartan3e/xc3s1200e/ClockBuffers.xml
Loading package from F:/Xlinx/14.7/ISE_DS/PlanAhead/data\parts/xilinx/spartan3e/spartan3e/xc3s1200e/fg320/Package.xml
Loading io standards from F:/Xlinx/14.7/ISE_DS/PlanAhead/data\./parts/xilinx/spartan3e/IOStandards.xml
INFO: [Device 21-19] Loading pkg sso from F:/Xlinx/14.7/ISE_DS/PlanAhead/data\parts/xilinx/spartan3e/spartan3e/xc3s1200e/fg320/SSORules.xml
Loading list of drcs for the architecture : F:/Xlinx/14.7/ISE_DS/PlanAhead/data\./parts/xilinx/spartan3e/spartan3e/drc.xml
INFO: [Timing 38-77] Reading timing library F:/Xlinx/14.7/ISE_DS/PlanAhead/data\parts/xilinx/spartan3e/spartan3e/spartan3e-4.lib.
INFO: [Timing 38-34] Done reading timing library F:/Xlinx/14.7/ISE_DS/PlanAhead/data\parts/xilinx/spartan3e/spartan3e/spartan3e-4.lib.
Parsing UCF File [C:/Users/HASEE/Desktop/yanjy/Computer/MyComputer/mycpu.ucf]
Finished Parsing UCF File [C:/Users/HASEE/Desktop/yanjy/Computer/MyComputer/mycpu.ucf]
INFO: [Project 1-111] Unisim Transformation Summary:
No Unisim elements were transformed.

Phase 0 | Netlist Checksum: ca8cba88
link_design: Time (s): elapsed = 00:00:07 . Memory (MB): peak = 579.859 ; gain = 128.094
exit
ERROR: [PlanAhead 12-106] *** Exception: ui.h.b: Found deleted key in HTclEventBroker. Verify if the classes listed here call cleanup()
HTclEvent: DEBUG_PORT_CONFIG_CHANGE   Classes: ui.views.aR 
HTclEvent: SIGNAL_MODIFY   Classes: ui.views.aR 
HTclEvent: DEBUG_CORE_CONFIG_CHANGE   Classes: ui.views.aR 
HTclEvent: SIGNAL_BUS_MODIFY   Classes: ui.views.aR 
 (See C:/Users/HASEE/Desktop/yanjy/Computer/MyComputer\planAhead_pid10104.debug)
ERROR: [Common 17-39] 'stop_gui' failed due to earlier errors.
INFO: [Common 17-206] Exiting PlanAhead at Wed Nov 30 02:26:02 2016...
INFO: [Common 17-83] Releasing license: PlanAhead
